# JRE version: OpenJDK Runtime Environment Temurin-17.0.2+8 (17.0.2+8) (build 17.0.2+8)
# Java VM: OpenJDK 64-Bit Server VM Temurin-17.0.2+8 (17.0.2+8, mixed mode, tiered, compressed oops, compressed class ptrs, parallel gc, windows-amd64)
GC Precious Log:
 CPUs: 2 total, 2 available
 Memory: 3928M
 Large Page Support: Disabled
 NUMA Support: Disabled
 Compressed Oops: Enabled (32-bit)
 Alignments: Space 512K, Generation 512K, Heap 2M
 Heap Min Capacity: 100M
 Heap Initial Capacity: 100M
 Heap Max Capacity: 1G
 Pre-touch: Disabled
 Parallel Workers: 2
Heap:
 PSYoungGen      total 21504K, used 6403K [0x00000000eab00000, 0x00000000ec380000, 0x0000000100000000)
  eden space 18944K, 21% used [0x00000000eab00000,0x00000000eaf0ce90,0x00000000ebd80000)
  from space 2560K, 88% used [0x00000000ebd80000,0x00000000ebfb4010,0x00000000ec000000)
  to   space 3072K, 0% used [0x00000000ec080000,0x00000000ec080000,0x00000000ec380000)
 ParOldGen       total 68608K, used 31598K [0x00000000c0000000, 0x00000000c4300000, 0x00000000eab00000)
  object space 68608K, 46% used [0x00000000c0000000,0x00000000c1edb848,0x00000000c4300000)
 Metaspace       used 55419K, committed 56192K, reserved 1105920K
  class space    used 6158K, committed 6528K, reserved 1048576K
GC Heap History (20 events):
Event: 32.821 GC heap before
{Heap before GC invocations=8 (full 2):
 PSYoungGen      total 29696K, used 25600K [0x00000000eab00000, 0x00000000ece00000, 0x0000000100000000)
  eden space 25600K, 100% used [0x00000000eab00000,0x00000000ec400000,0x00000000ec400000)
  from space 4096K, 0% used [0x00000000ec400000,0x00000000ec400000,0x00000000ec800000)
  to   space 5120K, 0% used [0x00000000ec900000,0x00000000ec900000,0x00000000ece00000)
 ParOldGen       total 68608K, used 12326K [0x00000000c0000000, 0x00000000c4300000, 0x00000000eab00000)
  object space 68608K, 17% used [0x00000000c0000000,0x00000000c0c09a40,0x00000000c4300000)
 Metaspace       used 38409K, committed 39104K, reserved 1089536K
  class space    used 4120K, committed 4416K, reserved 1048576K
}
Event: 32.833 GC heap after
{Heap after GC invocations=8 (full 2):
 PSYoungGen      total 27136K, used 1566K [0x00000000eab00000, 0x00000000ecb00000, 0x0000000100000000)
  eden space 25088K, 0% used [0x00000000eab00000,0x00000000eab00000,0x00000000ec380000)
  from space 2048K, 76% used [0x00000000ec900000,0x00000000eca87b80,0x00000000ecb00000)
  to   space 3072K, 0% used [0x00000000ec500000,0x00000000ec500000,0x00000000ec800000)
 ParOldGen       total 68608K, used 12334K [0x00000000c0000000, 0x00000000c4300000, 0x00000000eab00000)
  object space 68608K, 17% used [0x00000000c0000000,0x00000000c0c0ba40,0x00000000c4300000)
 Metaspace       used 38409K, committed 39104K, reserved 1089536K
  class space    used 4120K, committed 4416K, reserved 1048576K
}
Event: 36.719 GC heap before
{Heap before GC invocations=9 (full 2):
 PSYoungGen      total 27136K, used 26654K [0x00000000eab00000, 0x00000000ecb00000, 0x0000000100000000)
  eden space 25088K, 100% used [0x00000000eab00000,0x00000000ec380000,0x00000000ec380000)
  from space 2048K, 76% used [0x00000000ec900000,0x00000000eca87b80,0x00000000ecb00000)
  to   space 3072K, 0% used [0x00000000ec500000,0x00000000ec500000,0x00000000ec800000)
 ParOldGen       total 68608K, used 12334K [0x00000000c0000000, 0x00000000c4300000, 0x00000000eab00000)
  object space 68608K, 17% used [0x00000000c0000000,0x00000000c0c0ba40,0x00000000c4300000)
 Metaspace       used 42743K, committed 43520K, reserved 1089536K
  class space    used 4651K, committed 4992K, reserved 1048576K
}
Event: 36.729 GC heap after
{Heap after GC invocations=9 (full 2):
 PSYoungGen      total 27648K, used 2749K [0x00000000eab00000, 0x00000000ec980000, 0x0000000100000000)
  eden space 24576K, 0% used [0x00000000eab00000,0x00000000eab00000,0x00000000ec300000)
  from space 3072K, 89% used [0x00000000ec500000,0x00000000ec7af698,0x00000000ec800000)
  to   space 1536K, 0% used [0x00000000ec800000,0x00000000ec800000,0x00000000ec980000)
 ParOldGen       total 68608K, used 12342K [0x00000000c0000000, 0x00000000c4300000, 0x00000000eab00000)
  object space 68608K, 17% used [0x00000000c0000000,0x00000000c0c0da40,0x00000000c4300000)
 Metaspace       used 42743K, committed 43520K, reserved 1089536K
  class space    used 4651K, committed 4992K, reserved 1048576K
}
Event: 43.371 GC heap before
{Heap before GC invocations=10 (full 2):
 PSYoungGen      total 27648K, used 27325K [0x00000000eab00000, 0x00000000ec980000, 0x0000000100000000)
  eden space 24576K, 100% used [0x00000000eab00000,0x00000000ec300000,0x00000000ec300000)
  from space 3072K, 89% used [0x00000000ec500000,0x00000000ec7af698,0x00000000ec800000)
  to   space 1536K, 0% used [0x00000000ec800000,0x00000000ec800000,0x00000000ec980000)
 ParOldGen       total 68608K, used 12342K [0x00000000c0000000, 0x00000000c4300000, 0x00000000eab00000)
  object space 68608K, 17% used [0x00000000c0000000,0x00000000c0c0da40,0x00000000c4300000)
 Metaspace       used 50139K, committed 50880K, reserved 1097728K
  class space    used 5513K, committed 5888K, reserved 1048576K
}
Event: 43.395 GC heap after
{Heap after GC invocations=10 (full 2):
 PSYoungGen      total 24576K, used 1529K [0x00000000eab00000, 0x00000000ecf80000, 0x0000000100000000)
  eden space 23040K, 0% used [0x00000000eab00000,0x00000000eab00000,0x00000000ec180000)
  from space 1536K, 99% used [0x00000000ec800000,0x00000000ec97e488,0x00000000ec980000)
  to   space 6656K, 0% used [0x00000000ec180000,0x00000000ec180000,0x00000000ec800000)
 ParOldGen       total 68608K, used 16566K [0x00000000c0000000, 0x00000000c4300000, 0x00000000eab00000)
  object space 68608K, 24% used [0x00000000c0000000,0x00000000c102d858,0x00000000c4300000)
 Metaspace       used 50139K, committed 50880K, reserved 1097728K
  class space    used 5513K, committed 5888K, reserved 1048576K
}
Event: 46.731 GC heap before
{Heap before GC invocations=11 (full 2):
 PSYoungGen      total 24576K, used 24569K [0x00000000eab00000, 0x00000000ecf80000, 0x0000000100000000)
  eden space 23040K, 100% used [0x00000000eab00000,0x00000000ec180000,0x00000000ec180000)
  from space 1536K, 99% used [0x00000000ec800000,0x00000000ec97e488,0x00000000ec980000)
  to   space 6656K, 0% used [0x00000000ec180000,0x00000000ec180000,0x00000000ec800000)
 ParOldGen       total 68608K, used 16566K [0x00000000c0000000, 0x00000000c4300000, 0x00000000eab00000)
  object space 68608K, 24% used [0x00000000c0000000,0x00000000c102d858,0x00000000c4300000)
 Metaspace       used 54644K, committed 55424K, reserved 1105920K
  class space    used 6087K, committed 6464K, reserved 1048576K
}
Event: 46.744 GC heap after
{Heap after GC invocations=11 (full 2):
 PSYoungGen      total 26624K, used 3846K [0x00000000eab00000, 0x00000000eca00000, 0x0000000100000000)
  eden space 22528K, 0% used [0x00000000eab00000,0x00000000eab00000,0x00000000ec100000)
  from space 4096K, 93% used [0x00000000ec180000,0x00000000ec541870,0x00000000ec580000)
  to   space 4608K, 0% used [0x00000000ec580000,0x00000000ec580000,0x00000000eca00000)
 ParOldGen       total 68608K, used 16945K [0x00000000c0000000, 0x00000000c4300000, 0x00000000eab00000)
  object space 68608K, 24% used [0x00000000c0000000,0x00000000c108c480,0x00000000c4300000)
 Metaspace       used 54644K, committed 55424K, reserved 1105920K
  class space    used 6087K, committed 6464K, reserved 1048576K
}
Event: 47.794 GC heap before
{Heap before GC invocations=12 (full 2):
 PSYoungGen      total 26624K, used 26374K [0x00000000eab00000, 0x00000000eca00000, 0x0000000100000000)
  eden space 22528K, 100% used [0x00000000eab00000,0x00000000ec100000,0x00000000ec100000)
  from space 4096K, 93% used [0x00000000ec180000,0x00000000ec541870,0x00000000ec580000)
  to   space 4608K, 0% used [0x00000000ec580000,0x00000000ec580000,0x00000000eca00000)
 ParOldGen       total 68608K, used 16945K [0x00000000c0000000, 0x00000000c4300000, 0x00000000eab00000)
  object space 68608K, 24% used [0x00000000c0000000,0x00000000c108c480,0x00000000c4300000)
 Metaspace       used 54897K, committed 55680K, reserved 1105920K
  class space    used 6104K, committed 6464K, reserved 1048576K
}
Event: 47.812 GC heap after
{Heap after GC invocations=12 (full 2):
 PSYoungGen      total 25088K, used 4602K [0x00000000eab00000, 0x00000000ecd80000, 0x0000000100000000)
  eden space 20480K, 0% used [0x00000000eab00000,0x00000000eab00000,0x00000000ebf00000)
  from space 4608K, 99% used [0x00000000ec580000,0x00000000ec9fe958,0x00000000eca00000)
  to   space 6656K, 0% used [0x00000000ebf00000,0x00000000ebf00000,0x00000000ec580000)
 ParOldGen       total 68608K, used 18262K [0x00000000c0000000, 0x00000000c4300000, 0x00000000eab00000)
  object space 68608K, 26% used [0x00000000c0000000,0x00000000c11d5b60,0x00000000c4300000)
 Metaspace       used 54897K, committed 55680K, reserved 1105920K
  class space    used 6104K, committed 6464K, reserved 1048576K
}
Event: 48.391 GC heap before
{Heap before GC invocations=13 (full 2):
 PSYoungGen      total 25088K, used 25082K [0x00000000eab00000, 0x00000000ecd80000, 0x0000000100000000)
  eden space 20480K, 100% used [0x00000000eab00000,0x00000000ebf00000,0x00000000ebf00000)
  from space 4608K, 99% used [0x00000000ec580000,0x00000000ec9fe958,0x00000000eca00000)
  to   space 6656K, 0% used [0x00000000ebf00000,0x00000000ebf00000,0x00000000ec580000)
 ParOldGen       total 68608K, used 18262K [0x00000000c0000000, 0x00000000c4300000, 0x00000000eab00000)
  object space 68608K, 26% used [0x00000000c0000000,0x00000000c11d5b60,0x00000000c4300000)
 Metaspace       used 54912K, committed 55680K, reserved 1105920K
  class space    used 6105K, committed 6464K, reserved 1048576K
}
Event: 48.410 GC heap after
{Heap after GC invocations=13 (full 2):
 PSYoungGen      total 22528K, used 2016K [0x00000000eab00000, 0x00000000ec600000, 0x0000000100000000)
  eden space 20480K, 0% used [0x00000000eab00000,0x00000000eab00000,0x00000000ebf00000)
  from space 2048K, 98% used [0x00000000ebf00000,0x00000000ec0f8010,0x00000000ec100000)
  to   space 3584K, 0% used [0x00000000ec280000,0x00000000ec280000,0x00000000ec600000)
 ParOldGen       total 68608K, used 22814K [0x00000000c0000000, 0x00000000c4300000, 0x00000000eab00000)
  object space 68608K, 33% used [0x00000000c0000000,0x00000000c1647938,0x00000000c4300000)
 Metaspace       used 54912K, committed 55680K, reserved 1105920K
  class space    used 6105K, committed 6464K, reserved 1048576K
}
Event: 48.994 GC heap before
{Heap before GC invocations=14 (full 2):
 PSYoungGen      total 22528K, used 22496K [0x00000000eab00000, 0x00000000ec600000, 0x0000000100000000)
  eden space 20480K, 100% used [0x00000000eab00000,0x00000000ebf00000,0x00000000ebf00000)
  from space 2048K, 98% used [0x00000000ebf00000,0x00000000ec0f8010,0x00000000ec100000)
  to   space 3584K, 0% used [0x00000000ec280000,0x00000000ec280000,0x00000000ec600000)
 ParOldGen       total 68608K, used 22814K [0x00000000c0000000, 0x00000000c4300000, 0x00000000eab00000)
  object space 68608K, 33% used [0x00000000c0000000,0x00000000c1647938,0x00000000c4300000)
 Metaspace       used 54962K, committed 55744K, reserved 1105920K
  class space    used 6116K, committed 6464K, reserved 1048576K
}
Event: 49.008 GC heap after
{Heap after GC invocations=14 (full 2):
 PSYoungGen      total 23040K, used 2336K [0x00000000eab00000, 0x00000000ec500000, 0x0000000100000000)
  eden space 20480K, 0% used [0x00000000eab00000,0x00000000eab00000,0x00000000ebf00000)
  from space 2560K, 91% used [0x00000000ec280000,0x00000000ec4c8010,0x00000000ec500000)
  to   space 2560K, 0% used [0x00000000ec000000,0x00000000ec000000,0x00000000ec280000)
 ParOldGen       total 68608K, used 24810K [0x00000000c0000000, 0x00000000c4300000, 0x00000000eab00000)
  object space 68608K, 36% used [0x00000000c0000000,0x00000000c183aa78,0x00000000c4300000)
 Metaspace       used 54962K, committed 55744K, reserved 1105920K
  class space    used 6116K, committed 6464K, reserved 1048576K
}
Event: 49.451 GC heap before
{Heap before GC invocations=15 (full 2):
 PSYoungGen      total 23040K, used 22816K [0x00000000eab00000, 0x00000000ec500000, 0x0000000100000000)
  eden space 20480K, 100% used [0x00000000eab00000,0x00000000ebf00000,0x00000000ebf00000)
  from space 2560K, 91% used [0x00000000ec280000,0x00000000ec4c8010,0x00000000ec500000)
  to   space 2560K, 0% used [0x00000000ec000000,0x00000000ec000000,0x00000000ec280000)
 ParOldGen       total 68608K, used 24810K [0x00000000c0000000, 0x00000000c4300000, 0x00000000eab00000)
  object space 68608K, 36% used [0x00000000c0000000,0x00000000c183aa78,0x00000000c4300000)
 Metaspace       used 54962K, committed 55744K, reserved 1105920K
  class space    used 6116K, committed 6464K, reserved 1048576K
}
Event: 49.466 GC heap after
{Heap after GC invocations=15 (full 2):
 PSYoungGen      total 23040K, used 2112K [0x00000000eab00000, 0x00000000ec400000, 0x0000000100000000)
  eden space 20480K, 0% used [0x00000000eab00000,0x00000000eab00000,0x00000000ebf00000)
  from space 2560K, 82% used [0x00000000ec000000,0x00000000ec210000,0x00000000ec280000)
  to   space 1536K, 0% used [0x00000000ec280000,0x00000000ec280000,0x00000000ec400000)
 ParOldGen       total 68608K, used 27126K [0x00000000c0000000, 0x00000000c4300000, 0x00000000eab00000)
  object space 68608K, 39% used [0x00000000c0000000,0x00000000c1a7d828,0x00000000c4300000)
 Metaspace       used 54962K, committed 55744K, reserved 1105920K
  class space    used 6116K, committed 6464K, reserved 1048576K
}
Event: 49.925 GC heap before
{Heap before GC invocations=16 (full 2):
 PSYoungGen      total 23040K, used 22592K [0x00000000eab00000, 0x00000000ec400000, 0x0000000100000000)
  eden space 20480K, 100% used [0x00000000eab00000,0x00000000ebf00000,0x00000000ebf00000)
  from space 2560K, 82% used [0x00000000ec000000,0x00000000ec210000,0x00000000ec280000)
  to   space 1536K, 0% used [0x00000000ec280000,0x00000000ec280000,0x00000000ec400000)
 ParOldGen       total 68608K, used 27126K [0x00000000c0000000, 0x00000000c4300000, 0x00000000eab00000)
  object space 68608K, 39% used [0x00000000c0000000,0x00000000c1a7d828,0x00000000c4300000)
 Metaspace       used 54991K, committed 55744K, reserved 1105920K
  class space    used 6120K, committed 6464K, reserved 1048576K
}
Event: 49.946 GC heap after
{Heap after GC invocations=16 (full 2):
 PSYoungGen      total 20480K, used 1504K [0x00000000eab00000, 0x00000000ec900000, 0x0000000100000000)
  eden space 18944K, 0% used [0x00000000eab00000,0x00000000eab00000,0x00000000ebd80000)
  from space 1536K, 97% used [0x00000000ec280000,0x00000000ec3f8010,0x00000000ec400000)
  to   space 5120K, 0% used [0x00000000ebd80000,0x00000000ebd80000,0x00000000ec280000)
 ParOldGen       total 68608K, used 30078K [0x00000000c0000000, 0x00000000c4300000, 0x00000000eab00000)
  object space 68608K, 43% used [0x00000000c0000000,0x00000000c1d5f838,0x00000000c4300000)
 Metaspace       used 54991K, committed 55744K, reserved 1105920K
  class space    used 6120K, committed 6464K, reserved 1048576K
}
Event: 54.433 GC heap before
{Heap before GC invocations=17 (full 2):
 PSYoungGen      total 20480K, used 20448K [0x00000000eab00000, 0x00000000ec900000, 0x0000000100000000)
  eden space 18944K, 100% used [0x00000000eab00000,0x00000000ebd80000,0x00000000ebd80000)
  from space 1536K, 97% used [0x00000000ec280000,0x00000000ec3f8010,0x00000000ec400000)
  to   space 5120K, 0% used [0x00000000ebd80000,0x00000000ebd80000,0x00000000ec280000)
 ParOldGen       total 68608K, used 30078K [0x00000000c0000000, 0x00000000c4300000, 0x00000000eab00000)
  object space 68608K, 43% used [0x00000000c0000000,0x00000000c1d5f838,0x00000000c4300000)
 Metaspace       used 55261K, committed 56000K, reserved 1105920K
  class space    used 6138K, committed 6464K, reserved 1048576K
}
Event: 54.451 GC heap after
{Heap after GC invocations=17 (full 2):
 PSYoungGen      total 21504K, used 2256K [0x00000000eab00000, 0x00000000ec380000, 0x0000000100000000)
  eden space 18944K, 0% used [0x00000000eab00000,0x00000000eab00000,0x00000000ebd80000)
  from space 2560K, 88% used [0x00000000ebd80000,0x00000000ebfb4010,0x00000000ec000000)
  to   space 3072K, 0% used [0x00000000ec080000,0x00000000ec080000,0x00000000ec380000)
 ParOldGen       total 68608K, used 31598K [0x00000000c0000000, 0x00000000c4300000, 0x00000000eab00000)
  object space 68608K, 46% used [0x00000000c0000000,0x00000000c1edb848,0x00000000c4300000)
 Metaspace       used 55261K, committed 56000K, reserved 1105920K
  class space    used 6138K, committed 6464K, reserved 1048576K
}

